12-Feb-2020 12:04:25.580 INFO [main] org.apache.catalina.core.ApplicationContext.log ContextListener: contextInitialized()
12-Feb-2020 12:04:25.581 INFO [main] org.apache.catalina.core.ApplicationContext.log SessionListener: contextInitialized()
12-Feb-2020 12:04:25.584 INFO [main] org.apache.catalina.core.ApplicationContext.log ContextListener: attributeAdded('StockTicker', 'async.Stockticker@285c08c8')
12-Feb-2020 12:49:20.477 INFO [main] org.apache.catalina.core.ApplicationContext.log ContextListener: contextInitialized()
12-Feb-2020 12:49:20.477 INFO [main] org.apache.catalina.core.ApplicationContext.log SessionListener: contextInitialized()
12-Feb-2020 12:49:20.480 INFO [main] org.apache.catalina.core.ApplicationContext.log ContextListener: attributeAdded('StockTicker', 'async.Stockticker@dcfda20')
12-Feb-2020 12:49:20.735 INFO [main] org.apache.catalina.core.ApplicationContext.log SessionListener: contextDestroyed()
12-Feb-2020 12:49:20.735 INFO [main] org.apache.catalina.core.ApplicationContext.log ContextListener: contextDestroyed()
12-Feb-2020 12:49:48.725 INFO [main] org.apache.catalina.core.ApplicationContext.log ContextListener: contextInitialized()
12-Feb-2020 12:49:48.725 INFO [main] org.apache.catalina.core.ApplicationContext.log SessionListener: contextInitialized()
12-Feb-2020 12:49:48.728 INFO [main] org.apache.catalina.core.ApplicationContext.log ContextListener: attributeAdded('StockTicker', 'async.Stockticker@388ba540')
12-Feb-2020 12:49:48.951 INFO [main] org.apache.catalina.core.ApplicationContext.log SessionListener: contextDestroyed()
12-Feb-2020 12:49:48.951 INFO [main] org.apache.catalina.core.ApplicationContext.log ContextListener: contextDestroyed()
12-Feb-2020 12:51:30.852 INFO [main] org.apache.catalina.core.ApplicationContext.log ContextListener: contextInitialized()
12-Feb-2020 12:51:30.852 INFO [main] org.apache.catalina.core.ApplicationContext.log SessionListener: contextInitialized()
12-Feb-2020 12:51:30.855 INFO [main] org.apache.catalina.core.ApplicationContext.log ContextListener: attributeAdded('StockTicker', 'async.Stockticker@4678a2eb')
12-Feb-2020 12:51:31.080 INFO [main] org.apache.catalina.core.ApplicationContext.log SessionListener: contextDestroyed()
12-Feb-2020 12:51:31.081 INFO [main] org.apache.catalina.core.ApplicationContext.log ContextListener: contextDestroyed()
12-Feb-2020 12:51:54.518 INFO [main] org.apache.catalina.core.ApplicationContext.log ContextListener: contextInitialized()
12-Feb-2020 12:51:54.518 INFO [main] org.apache.catalina.core.ApplicationContext.log SessionListener: contextInitialized()
12-Feb-2020 12:51:54.521 INFO [main] org.apache.catalina.core.ApplicationContext.log ContextListener: attributeAdded('StockTicker', 'async.Stockticker@78a287ed')
